MPEG PCC tmc3 version release-v14.0-0-gc3c9798
+ Effective configuration parameters
    mode                  : 1
    firstFrameNum         : 0
    frameCount            : 1
    reconstructedDataPath : "Arco_Valentino_Dense_vox12.ply.bin.decoded.ply"
    uncompressedDataPath  : "/home/datnguyen/Projects/Datasets/MPEG_MVUB_CAT_9_12bits/Static_Objects_and_Scenes/Cat1_quantized/Arco_Valentino_Dense_vox12.ply"
    compressedStreamPath  : "Arco_Valentino_Dense_vox12.ply.bin"
    postRecolorPath       : ""
    preInvScalePath       : ""
    convertPlyColourspace : 1
    outputBinaryPly       : 1
    outputUnitLength      : 1
    outputScaling         : 1 (External)
    outputPrecisionBits   : -1
    skipOctreeLayers : 0
    decodeMaxPoints  : 0

positions bitstream size 38319 B
positions processing time (user): 0.008 s

colors bitstream size 33644 B
colors processing time (user): 0.096 s

positions bitstream size 53642 B
positions processing time (user): 0.011 s

colors bitstream size 55707 B
colors processing time (user): 0.141 s

positions bitstream size 962650 B
positions processing time (user): 0.225 s

colors bitstream size 1041364 B
colors processing time (user): 2.665 s

positions bitstream size 990409 B
positions processing time (user): 0.237 s

colors bitstream size 1042657 B
colors processing time (user): 2.696 s

Total bitstream size 4218471 B
Processing time (wall): 6.332 s
Processing time (user): 6.174 s
