MPEG PCC tmc3 version release-v14.0-0-gc3c9798
+ Effective configuration parameters
    mode                  : 1
    firstFrameNum         : 0
    frameCount            : 1
    reconstructedDataPath : "Arco_Valentino_Dense_vox12.ply.bin.decoded.ply"
    uncompressedDataPath  : "/home/datnguyen/Projects/Datasets/MPEG_MVUB_CAT_9_12bits/Static_Objects_and_Scenes/Cat1_quantized/Arco_Valentino_Dense_vox12.ply"
    compressedStreamPath  : "Arco_Valentino_Dense_vox12.ply.bin"
    postRecolorPath       : ""
    preInvScalePath       : ""
    convertPlyColourspace : 1
    outputBinaryPly       : 1
    outputUnitLength      : 1
    outputScaling         : 1 (External)
    outputPrecisionBits   : -1
    skipOctreeLayers : 0
    decodeMaxPoints  : 0

positions bitstream size 40027 B
positions processing time (user): 0.009 s

colors bitstream size 83 B
colors processing time (user): 0.094 s

positions bitstream size 57427 B
positions processing time (user): 0.013 s

colors bitstream size 259 B
colors processing time (user): 0.139 s

positions bitstream size 1085325 B
positions processing time (user): 0.264 s

colors bitstream size 3954 B
colors processing time (user): 2.872 s

positions bitstream size 1108101 B
positions processing time (user): 0.258 s

colors bitstream size 3489 B
colors processing time (user): 2.864 s

Total bitstream size 2298745 B
Processing time (wall): 6.811 s
Processing time (user): 6.627 s
