MPEG PCC tmc3 version release-v14.0-0-gc3c9798
+ Effective configuration parameters
    mode                  : 1
    firstFrameNum         : 0
    frameCount            : 1
    reconstructedDataPath : "Arco_Valentino_Dense_vox12.ply.bin.decoded.ply"
    uncompressedDataPath  : "/home/datnguyen/Projects/Datasets/MPEG_MVUB_CAT_9_12bits/Static_Objects_and_Scenes/Cat1_quantized/Arco_Valentino_Dense_vox12.ply"
    compressedStreamPath  : "Arco_Valentino_Dense_vox12.ply.bin"
    postRecolorPath       : ""
    preInvScalePath       : ""
    convertPlyColourspace : 1
    outputBinaryPly       : 1
    outputUnitLength      : 1
    outputScaling         : 1 (External)
    outputPrecisionBits   : -1
    skipOctreeLayers : 0
    decodeMaxPoints  : 0

positions bitstream size 1406669 B
positions processing time (user): 0.318 s

colors bitstream size 1330867 B
colors processing time (user): 3.707 s

Total bitstream size 2737585 B
Processing time (wall): 4.175 s
Processing time (user): 4.08 s
