MPEG PCC tmc3 version release-v14.0-0-gc3c9798
+ Effective configuration parameters
    mode                  : 1
    firstFrameNum         : 0
    frameCount            : 1
    reconstructedDataPath : "Arco_Valentino_Dense_vox12.ply.bin.decoded.ply"
    uncompressedDataPath  : "/home/datnguyen/Projects/Datasets/MPEG_MVUB_CAT_9_12bits/Static_Objects_and_Scenes/Cat1_quantized/Arco_Valentino_Dense_vox12.ply"
    compressedStreamPath  : "Arco_Valentino_Dense_vox12.ply.bin"
    postRecolorPath       : ""
    preInvScalePath       : ""
    convertPlyColourspace : 1
    outputBinaryPly       : 1
    outputUnitLength      : 1
    outputScaling         : 1 (External)
    outputPrecisionBits   : -1
    skipOctreeLayers : 0
    decodeMaxPoints  : 0

positions bitstream size 37656 B
positions processing time (user): 0.007 s

colors bitstream size 32802 B
colors processing time (user): 0.098 s

positions bitstream size 52003 B
positions processing time (user): 0.011 s

colors bitstream size 53358 B
colors processing time (user): 0.138 s

positions bitstream size 907879 B
positions processing time (user): 0.21 s

colors bitstream size 960530 B
colors processing time (user): 2.453 s

positions bitstream size 934247 B
positions processing time (user): 0.233 s

colors bitstream size 961323 B
colors processing time (user): 2.55 s

Total bitstream size 3939877 B
Processing time (wall): 5.941 s
Processing time (user): 5.791 s
