MPEG PCC tmc3 version release-v14.0-0-gc3c9798
+ Effective configuration parameters
    mode                  : 1
    firstFrameNum         : 0
    frameCount            : 1
    reconstructedDataPath : "Arco_Valentino_Dense_vox12.ply.bin.decoded.ply"
    uncompressedDataPath  : "/home/datnguyen/Projects/Datasets/MPEG_MVUB_CAT_9_12bits/Static_Objects_and_Scenes/Cat1_quantized/Arco_Valentino_Dense_vox12.ply"
    compressedStreamPath  : "Arco_Valentino_Dense_vox12.ply.bin"
    postRecolorPath       : ""
    preInvScalePath       : ""
    convertPlyColourspace : 1
    outputBinaryPly       : 1
    outputUnitLength      : 1
    outputScaling         : 1 (External)
    outputPrecisionBits   : -1
    skipOctreeLayers : 0
    decodeMaxPoints  : 0

positions bitstream size 39949 B
positions processing time (user): 0.008 s

colors bitstream size 295 B
colors processing time (user): 0.092 s

positions bitstream size 57247 B
positions processing time (user): 0.013 s

colors bitstream size 1015 B
colors processing time (user): 0.139 s

positions bitstream size 1080185 B
positions processing time (user): 0.255 s

colors bitstream size 14705 B
colors processing time (user): 2.84 s

positions bitstream size 1103320 B
positions processing time (user): 0.259 s

colors bitstream size 14734 B
colors processing time (user): 2.875 s

Total bitstream size 2311530 B
Processing time (wall): 6.786 s
Processing time (user): 6.597 s
