MPEG PCC tmc3 version release-v14.0-0-gc3c9798
+ Effective configuration parameters
    mode                  : 1
    firstFrameNum         : 0
    frameCount            : 1
    reconstructedDataPath : "Arco_Valentino_Dense_vox12.ply.bin.decoded.ply"
    uncompressedDataPath  : "/home/datnguyen/Projects/Datasets/MPEG_MVUB_CAT_9_12bits/Static_Objects_and_Scenes/Cat1_quantized/Arco_Valentino_Dense_vox12.ply"
    compressedStreamPath  : "Arco_Valentino_Dense_vox12.ply.bin"
    postRecolorPath       : ""
    preInvScalePath       : ""
    convertPlyColourspace : 1
    outputBinaryPly       : 1
    outputUnitLength      : 1
    outputScaling         : 1 (External)
    outputPrecisionBits   : -1
    skipOctreeLayers : 0
    decodeMaxPoints  : 0

positions bitstream size 39886 B
positions processing time (user): 0.008 s

colors bitstream size 1187 B
colors processing time (user): 0.094 s

positions bitstream size 57048 B
positions processing time (user): 0.012 s

colors bitstream size 3102 B
colors processing time (user): 0.137 s

positions bitstream size 1073692 B
positions processing time (user): 0.267 s

colors bitstream size 49799 B
colors processing time (user): 2.761 s

positions bitstream size 1097521 B
positions processing time (user): 0.257 s

colors bitstream size 53170 B
colors processing time (user): 2.836 s

Total bitstream size 2375485 B
Processing time (wall): 6.664 s
Processing time (user): 6.49 s
