MPEG PCC tmc3 version release-v14.0-0-gc3c9798
+ Effective configuration parameters
    mode                  : 1
    firstFrameNum         : 0
    frameCount            : 1
    reconstructedDataPath : "Arco_Valentino_Dense_vox12.ply.bin.decoded.ply"
    uncompressedDataPath  : "/home/datnguyen/Projects/Datasets/MPEG_MVUB_CAT_9_12bits/Static_Objects_and_Scenes/Cat1_quantized/Arco_Valentino_Dense_vox12.ply"
    compressedStreamPath  : "Arco_Valentino_Dense_vox12.ply.bin"
    postRecolorPath       : ""
    preInvScalePath       : ""
    convertPlyColourspace : 1
    outputBinaryPly       : 1
    outputUnitLength      : 1
    outputScaling         : 1 (External)
    outputPrecisionBits   : -1
    skipOctreeLayers : 0
    decodeMaxPoints  : 0

positions bitstream size 39756 B
positions processing time (user): 0.009 s

colors bitstream size 6231 B
colors processing time (user): 0.096 s

positions bitstream size 56667 B
positions processing time (user): 0.011 s

colors bitstream size 12306 B
colors processing time (user): 0.14 s

positions bitstream size 1061647 B
positions processing time (user): 0.281 s

colors bitstream size 230941 B
colors processing time (user): 2.789 s

positions bitstream size 1086646 B
positions processing time (user): 0.247 s

colors bitstream size 228790 B
colors processing time (user): 2.887 s

Total bitstream size 2723064 B
Processing time (wall): 6.76 s
Processing time (user): 6.57 s
